<?xml version="1.0" encoding="UTF-8"?>
<coverage generated="1554773813351" clover="3.2.0">
  <project timestamp="1554773813351" name="All files">
    <metrics statements="86" coveredstatements="81" conditionals="17" coveredconditionals="15" methods="28" coveredmethods="23" elements="131" coveredelements="119" complexity="0" loc="86" ncloc="86" packages="2" files="8" classes="8"/>
    <package name="client.src.components">
      <metrics statements="60" coveredstatements="55" conditionals="17" coveredconditionals="15" methods="24" coveredmethods="20"/>
      <file name="App.jsx" path="/Users/danslaptop/ghrden01-Repos/dan-top-tracks/client/src/components/App.jsx">
        <metrics statements="12" coveredstatements="9" conditionals="2" coveredconditionals="1" methods="7" coveredmethods="4"/>
        <line num="9" count="1" type="stmt"/>
        <line num="10" count="1" type="stmt"/>
        <line num="14" count="1" type="stmt"/>
        <line num="18" count="1" type="stmt"/>
        <line num="22" count="1" type="stmt"/>
        <line num="23" count="0" type="stmt"/>
        <line num="25" count="0" type="stmt"/>
        <line num="31" count="0" type="stmt"/>
        <line num="42" count="1" type="stmt"/>
        <line num="43" count="1" type="stmt"/>
        <line num="44" count="1" type="cond" truecount="1" falsecount="1"/>
        <line num="46" count="1" type="stmt"/>
      </file>
      <file name="AudioPlayer.jsx" path="/Users/danslaptop/ghrden01-Repos/dan-top-tracks/client/src/components/AudioPlayer.jsx">
        <metrics statements="11" coveredstatements="11" conditionals="6" coveredconditionals="6" methods="1" coveredmethods="1"/>
        <line num="8" count="3" type="stmt"/>
        <line num="10" count="3" type="stmt"/>
        <line num="69" count="2" type="stmt"/>
        <line num="80" count="2" type="stmt"/>
        <line num="96" count="2" type="stmt"/>
        <line num="109" count="2" type="stmt"/>
        <line num="119" count="2" type="stmt"/>
        <line num="126" count="2" type="stmt"/>
        <line num="133" count="2" type="stmt"/>
        <line num="143" count="2" type="stmt"/>
        <line num="150" count="2" type="stmt"/>
      </file>
      <file name="ContextMenu.jsx" path="/Users/danslaptop/ghrden01-Repos/dan-top-tracks/client/src/components/ContextMenu.jsx">
        <metrics statements="3" coveredstatements="3" conditionals="0" coveredconditionals="0" methods="1" coveredmethods="1"/>
        <line num="6" count="1" type="stmt"/>
        <line num="15" count="1" type="stmt"/>
        <line num="26" count="3" type="stmt"/>
      </file>
      <file name="Ellipsis.jsx" path="/Users/danslaptop/ghrden01-Repos/dan-top-tracks/client/src/components/Ellipsis.jsx">
        <metrics statements="14" coveredstatements="13" conditionals="3" coveredconditionals="2" methods="6" coveredmethods="6"/>
        <line num="7" count="7" type="stmt"/>
        <line num="8" count="7" type="stmt"/>
        <line num="11" count="7" type="stmt"/>
        <line num="12" count="7" type="stmt"/>
        <line num="16" count="1" type="stmt"/>
        <line num="18" count="1" type="stmt"/>
        <line num="19" count="1" type="stmt"/>
        <line num="24" count="2" type="stmt"/>
        <line num="25" count="2" type="stmt"/>
        <line num="30" count="9" type="stmt"/>
        <line num="31" count="9" type="cond" truecount="2" falsecount="1"/>
        <line num="32" count="8" type="stmt"/>
        <line num="37" count="1" type="stmt"/>
        <line num="46" count="0" type="stmt"/>
      </file>
      <file name="PopularList.jsx" path="/Users/danslaptop/ghrden01-Repos/dan-top-tracks/client/src/components/PopularList.jsx">
        <metrics statements="4" coveredstatements="4" conditionals="2" coveredconditionals="2" methods="2" coveredmethods="2"/>
        <line num="6" count="4" type="cond" truecount="2" falsecount="0"/>
        <line num="8" count="3" type="stmt"/>
        <line num="11" count="3" type="stmt"/>
        <line num="21" count="2" type="stmt"/>
      </file>
      <file name="PopularTrack.jsx" path="/Users/danslaptop/ghrden01-Repos/dan-top-tracks/client/src/components/PopularTrack.jsx">
        <metrics statements="16" coveredstatements="15" conditionals="4" coveredconditionals="4" methods="7" coveredmethods="6"/>
        <line num="8" count="6" type="stmt"/>
        <line num="9" count="6" type="stmt"/>
        <line num="13" count="6" type="stmt"/>
        <line num="14" count="6" type="stmt"/>
        <line num="18" count="1" type="stmt"/>
        <line num="19" count="1" type="stmt"/>
        <line num="20" count="1" type="stmt"/>
        <line num="21" count="1" type="stmt"/>
        <line num="26" count="1" type="stmt"/>
        <line num="27" count="1" type="stmt"/>
        <line num="32" count="8" type="stmt"/>
        <line num="33" count="8" type="stmt"/>
        <line num="34" count="8" type="cond" truecount="2" falsecount="0"/>
        <line num="36" count="7" type="stmt"/>
        <line num="37" count="0" type="stmt"/>
        <line num="66" count="3" type="stmt"/>
      </file>
    </package>
    <package name="server">
      <metrics statements="26" coveredstatements="26" conditionals="0" coveredconditionals="0" methods="4" coveredmethods="3"/>
      <file name="db.js" path="/Users/danslaptop/ghrden01-Repos/dan-top-tracks/server/db.js">
        <metrics statements="20" coveredstatements="20" conditionals="0" coveredconditionals="0" methods="4" coveredmethods="3"/>
        <line num="3" count="1" type="stmt"/>
        <line num="4" count="1" type="stmt"/>
        <line num="6" count="1" type="stmt"/>
        <line num="8" count="1" type="stmt"/>
        <line num="10" count="1" type="stmt"/>
        <line num="11" count="1" type="stmt"/>
        <line num="13" count="1" type="stmt"/>
        <line num="21" count="1" type="stmt"/>
        <line num="23" count="5" type="stmt"/>
        <line num="30" count="1" type="stmt"/>
        <line num="32" count="1" type="stmt"/>
        <line num="33" count="1" type="stmt"/>
        <line num="34" count="100" type="stmt"/>
        <line num="41" count="100" type="stmt"/>
        <line num="45" count="1" type="stmt"/>
        <line num="47" count="1" type="stmt"/>
        <line num="48" count="1" type="stmt"/>
        <line num="49" count="1" type="stmt"/>
        <line num="50" count="1" type="stmt"/>
        <line num="51" count="1" type="stmt"/>
      </file>
      <file name="z_seedData.js" path="/Users/danslaptop/ghrden01-Repos/dan-top-tracks/server/z_seedData.js">
        <metrics statements="6" coveredstatements="6" conditionals="0" coveredconditionals="0" methods="0" coveredmethods="0"/>
        <line num="80" count="1" type="stmt"/>
        <line num="157" count="1" type="stmt"/>
        <line num="246" count="1" type="stmt"/>
        <line num="248" count="1" type="stmt"/>
        <line num="250" count="1" type="stmt"/>
        <line num="353" count="1" type="stmt"/>
      </file>
    </package>
  </project>
</coverage>
