{"/Users/danslaptop/ghrden01-Repos/dan-top-tracks/client/src/index.jsx": {"path":"/Users/danslaptop/ghrden01-Repos/dan-top-tracks/client/src/index.jsx","statementMap":{"0":{"start":{"line":5,"column":0},"end":{"line":5,"column":48}}},"fnMap":{},"branchMap":{},"s":{"0":0},"f":{},"b":{}}
,"/Users/danslaptop/ghrden01-Repos/dan-top-tracks/client/src/components/App.jsx": {"path":"/Users/danslaptop/ghrden01-Repos/dan-top-tracks/client/src/components/App.jsx","statementMap":{"0":{"start":{"line":7,"column":4},"end":{"line":7,"column":12}},"1":{"start":{"line":8,"column":4},"end":{"line":10,"column":6}},"2":{"start":{"line":14,"column":4},"end":{"line":14,"column":24}},"3":{"start":{"line":18,"column":4},"end":{"line":23,"column":26}},"4":{"start":{"line":19,"column":23},"end":{"line":19,"column":37}},"5":{"start":{"line":21,"column":8},"end":{"line":21,"column":34}},"6":{"start":{"line":27,"column":23},"end":{"line":27,"column":33}},"7":{"start":{"line":28,"column":4},"end":{"line":28,"column":29}},"8":{"start":{"line":28,"column":17},"end":{"line":28,"column":29}},"9":{"start":{"line":30,"column":4},"end":{"line":38,"column":6}}},"fnMap":{"0":{"name":"(anonymous_0)","decl":{"start":{"line":6,"column":2},"end":{"line":6,"column":3}},"loc":{"start":{"line":6,"column":16},"end":{"line":11,"column":3}},"line":6},"1":{"name":"(anonymous_1)","decl":{"start":{"line":13,"column":2},"end":{"line":13,"column":3}},"loc":{"start":{"line":13,"column":22},"end":{"line":15,"column":3}},"line":13},"2":{"name":"(anonymous_2)","decl":{"start":{"line":17,"column":2},"end":{"line":17,"column":3}},"loc":{"start":{"line":17,"column":17},"end":{"line":24,"column":3}},"line":17},"3":{"name":"(anonymous_3)","decl":{"start":{"line":19,"column":12},"end":{"line":19,"column":13}},"loc":{"start":{"line":19,"column":23},"end":{"line":19,"column":37}},"line":19},"4":{"name":"(anonymous_4)","decl":{"start":{"line":20,"column":12},"end":{"line":20,"column":13}},"loc":{"start":{"line":20,"column":24},"end":{"line":22,"column":7}},"line":20},"5":{"name":"(anonymous_5)","decl":{"start":{"line":26,"column":2},"end":{"line":26,"column":3}},"loc":{"start":{"line":26,"column":11},"end":{"line":39,"column":3}},"line":26}},"branchMap":{"0":{"loc":{"start":{"line":28,"column":4},"end":{"line":28,"column":29}},"type":"if","locations":[{"start":{"line":28,"column":4},"end":{"line":28,"column":29}},{"start":{"line":28,"column":4},"end":{"line":28,"column":29}}],"line":28}},"s":{"0":1,"1":1,"2":1,"3":1,"4":0,"5":0,"6":1,"7":1,"8":0,"9":1},"f":{"0":1,"1":1,"2":1,"3":0,"4":0,"5":1},"b":{"0":[0,1]},"_coverageSchema":"43e27e138ebf9cfc5966b082cf9a028302ed4184","hash":"6242a8b848eebe2d5da33e3fff9c9a3bc5882d77"}
,"/Users/danslaptop/ghrden01-Repos/dan-top-tracks/client/src/components/Ellipsis.jsx": {"path":"/Users/danslaptop/ghrden01-Repos/dan-top-tracks/client/src/components/Ellipsis.jsx","statementMap":{"0":{"start":{"line":5,"column":4},"end":{"line":5,"column":12}},"1":{"start":{"line":6,"column":4},"end":{"line":8,"column":6}},"2":{"start":{"line":9,"column":4},"end":{"line":9,"column":49}},"3":{"start":{"line":13,"column":21},"end":{"line":13,"column":31}},"4":{"start":{"line":14,"column":4},"end":{"line":16,"column":7}},"5":{"start":{"line":20,"column":21},"end":{"line":20,"column":31}},"6":{"start":{"line":21,"column":4},"end":{"line":41,"column":5}},"7":{"start":{"line":22,"column":18},"end":{"line":26,"column":8}},"8":{"start":{"line":27,"column":17},"end":{"line":35,"column":8}},"9":{"start":{"line":36,"column":15},"end":{"line":40,"column":8}}},"fnMap":{"0":{"name":"(anonymous_0)","decl":{"start":{"line":4,"column":2},"end":{"line":4,"column":3}},"loc":{"start":{"line":4,"column":16},"end":{"line":10,"column":3}},"line":4},"1":{"name":"(anonymous_1)","decl":{"start":{"line":12,"column":2},"end":{"line":12,"column":3}},"loc":{"start":{"line":12,"column":15},"end":{"line":17,"column":3}},"line":12},"2":{"name":"(anonymous_2)","decl":{"start":{"line":19,"column":2},"end":{"line":19,"column":3}},"loc":{"start":{"line":19,"column":11},"end":{"line":42,"column":3}},"line":19}},"branchMap":{"0":{"loc":{"start":{"line":21,"column":4},"end":{"line":41,"column":5}},"type":"switch","locations":[{"start":{"line":22,"column":6},"end":{"line":26,"column":8}},{"start":{"line":27,"column":6},"end":{"line":35,"column":8}},{"start":{"line":36,"column":6},"end":{"line":40,"column":8}}],"line":21}},"s":{"0":6,"1":6,"2":6,"3":1,"4":1,"5":7,"6":7,"7":6,"8":1,"9":0},"f":{"0":6,"1":1,"2":7},"b":{"0":[6,1,0]},"_coverageSchema":"43e27e138ebf9cfc5966b082cf9a028302ed4184","hash":"d01ffb74e6e351c1ccfd9a20232c2e5a83b3bd1b"}
,"/Users/danslaptop/ghrden01-Repos/dan-top-tracks/client/src/components/PopularList.jsx": {"path":"/Users/danslaptop/ghrden01-Repos/dan-top-tracks/client/src/components/PopularList.jsx","statementMap":{"0":{"start":{"line":6,"column":2},"end":{"line":6,"column":64}},"1":{"start":{"line":6,"column":15},"end":{"line":6,"column":64}},"2":{"start":{"line":7,"column":2},"end":{"line":11,"column":4}},"3":{"start":{"line":9,"column":27},"end":{"line":9,"column":73}},"4":{"start":{"line":14,"column":0},"end":{"line":22,"column":2}}},"fnMap":{"0":{"name":"PopularList","decl":{"start":{"line":5,"column":9},"end":{"line":5,"column":20}},"loc":{"start":{"line":5,"column":33},"end":{"line":12,"column":1}},"line":5},"1":{"name":"(anonymous_1)","decl":{"start":{"line":9,"column":18},"end":{"line":9,"column":19}},"loc":{"start":{"line":9,"column":27},"end":{"line":9,"column":73}},"line":9}},"branchMap":{"0":{"loc":{"start":{"line":6,"column":2},"end":{"line":6,"column":64}},"type":"if","locations":[{"start":{"line":6,"column":2},"end":{"line":6,"column":64}},{"start":{"line":6,"column":2},"end":{"line":6,"column":64}}],"line":6}},"s":{"0":4,"1":1,"2":3,"3":3,"4":2},"f":{"0":4,"1":3},"b":{"0":[1,3]},"_coverageSchema":"43e27e138ebf9cfc5966b082cf9a028302ed4184","hash":"face68b5708f4d1eb0a2f8ddb9b4e0299f715002"}
,"/Users/danslaptop/ghrden01-Repos/dan-top-tracks/client/src/components/PopularTrack.jsx": {"path":"/Users/danslaptop/ghrden01-Repos/dan-top-tracks/client/src/components/PopularTrack.jsx","statementMap":{"0":{"start":{"line":6,"column":2},"end":{"line":6,"column":26}},"1":{"start":{"line":6,"column":14},"end":{"line":6,"column":26}},"2":{"start":{"line":7,"column":2},"end":{"line":32,"column":4}},"3":{"start":{"line":35,"column":0},"end":{"line":43,"column":2}}},"fnMap":{"0":{"name":"PopularTrack","decl":{"start":{"line":5,"column":9},"end":{"line":5,"column":21}},"loc":{"start":{"line":5,"column":33},"end":{"line":33,"column":1}},"line":5}},"branchMap":{"0":{"loc":{"start":{"line":6,"column":2},"end":{"line":6,"column":26}},"type":"if","locations":[{"start":{"line":6,"column":2},"end":{"line":6,"column":26}},{"start":{"line":6,"column":2},"end":{"line":6,"column":26}}],"line":6}},"s":{"0":5,"1":1,"2":4,"3":3},"f":{"0":5},"b":{"0":[1,4]},"_coverageSchema":"43e27e138ebf9cfc5966b082cf9a028302ed4184","hash":"d0b066cabbe788667d5e1110c711f4601e4770c1"}
,"/Users/danslaptop/ghrden01-Repos/dan-top-tracks/server/db.js": {"path":"/Users/danslaptop/ghrden01-Repos/dan-top-tracks/server/db.js","statementMap":{"0":{"start":{"line":3,"column":17},"end":{"line":3,"column":36}},"1":{"start":{"line":4,"column":13},"end":{"line":4,"column":39}},"2":{"start":{"line":6,"column":0},"end":{"line":6,"column":56}},"3":{"start":{"line":8,"column":11},"end":{"line":8,"column":30}},"4":{"start":{"line":10,"column":0},"end":{"line":10,"column":79}},"5":{"start":{"line":10,"column":21},"end":{"line":10,"column":77}},"6":{"start":{"line":11,"column":0},"end":{"line":11,"column":73}},"7":{"start":{"line":11,"column":22},"end":{"line":11,"column":71}},"8":{"start":{"line":13,"column":19},"end":{"line":19,"column":2}},"9":{"start":{"line":21,"column":13},"end":{"line":21,"column":47}},"10":{"start":{"line":31,"column":21},"end":{"line":34,"column":9}},"11":{"start":{"line":31,"column":27},"end":{"line":34,"column":9}},"12":{"start":{"line":38,"column":0},"end":{"line":38,"column":18}},"13":{"start":{"line":40,"column":18},"end":{"line":51,"column":1}},"14":{"start":{"line":41,"column":2},"end":{"line":50,"column":3}},"15":{"start":{"line":41,"column":15},"end":{"line":41,"column":16}},"16":{"start":{"line":42,"column":17},"end":{"line":48,"column":6}},"17":{"start":{"line":49,"column":4},"end":{"line":49,"column":16}},"18":{"start":{"line":53,"column":0},"end":{"line":53,"column":47}},"19":{"start":{"line":55,"column":0},"end":{"line":55,"column":43}},"20":{"start":{"line":56,"column":0},"end":{"line":56,"column":34}},"21":{"start":{"line":57,"column":0},"end":{"line":57,"column":34}},"22":{"start":{"line":58,"column":0},"end":{"line":58,"column":36}},"23":{"start":{"line":59,"column":0},"end":{"line":59,"column":37}}},"fnMap":{"0":{"name":"(anonymous_0)","decl":{"start":{"line":10,"column":15},"end":{"line":10,"column":16}},"loc":{"start":{"line":10,"column":21},"end":{"line":10,"column":77}},"line":10},"1":{"name":"(anonymous_1)","decl":{"start":{"line":11,"column":16},"end":{"line":11,"column":17}},"loc":{"start":{"line":11,"column":22},"end":{"line":11,"column":71}},"line":11},"2":{"name":"(anonymous_2)","decl":{"start":{"line":31,"column":21},"end":{"line":31,"column":22}},"loc":{"start":{"line":31,"column":27},"end":{"line":34,"column":9}},"line":31},"3":{"name":"(anonymous_3)","decl":{"start":{"line":40,"column":18},"end":{"line":40,"column":19}},"loc":{"start":{"line":40,"column":44},"end":{"line":51,"column":1}},"line":40}},"branchMap":{},"s":{"0":1,"1":1,"2":1,"3":1,"4":1,"5":0,"6":1,"7":1,"8":1,"9":1,"10":1,"11":5,"12":1,"13":1,"14":1,"15":1,"16":100,"17":100,"18":1,"19":1,"20":1,"21":1,"22":1,"23":1},"f":{"0":0,"1":1,"2":5,"3":1},"b":{},"_coverageSchema":"43e27e138ebf9cfc5966b082cf9a028302ed4184","hash":"fdd85fc48789a020486701981034b49118f8cccf"}
,"/Users/danslaptop/ghrden01-Repos/dan-top-tracks/server/z_seedData.js": {"path":"/Users/danslaptop/ghrden01-Repos/dan-top-tracks/server/z_seedData.js","statementMap":{"0":{"start":{"line":80,"column":15},"end":{"line":155,"column":1}},"1":{"start":{"line":157,"column":15},"end":{"line":244,"column":1}},"2":{"start":{"line":246,"column":12},"end":{"line":246,"column":2258}},"3":{"start":{"line":248,"column":12},"end":{"line":248,"column":2653}},"4":{"start":{"line":250,"column":13},"end":{"line":351,"column":1}},"5":{"start":{"line":353,"column":0},"end":{"line":357,"column":2}}},"fnMap":{},"branchMap":{},"s":{"0":1,"1":1,"2":1,"3":1,"4":1,"5":1},"f":{},"b":{},"_coverageSchema":"43e27e138ebf9cfc5966b082cf9a028302ed4184","hash":"4ead09f16e2d11457b3d665d4e80676e244672c4"}
}
