{"/Users/danslaptop/ghrden01-Repos/dan-top-tracks/client/src/components/App.jsx": {"path":"/Users/danslaptop/ghrden01-Repos/dan-top-tracks/client/src/components/App.jsx","statementMap":{"0":{"start":{"line":8,"column":4},"end":{"line":8,"column":12}},"1":{"start":{"line":9,"column":4},"end":{"line":11,"column":6}},"2":{"start":{"line":15,"column":4},"end":{"line":15,"column":24}},"3":{"start":{"line":19,"column":4},"end":{"line":24,"column":26}},"4":{"start":{"line":20,"column":23},"end":{"line":20,"column":37}},"5":{"start":{"line":22,"column":8},"end":{"line":22,"column":34}},"6":{"start":{"line":28,"column":23},"end":{"line":28,"column":33}},"7":{"start":{"line":29,"column":4},"end":{"line":29,"column":29}},"8":{"start":{"line":29,"column":17},"end":{"line":29,"column":29}},"9":{"start":{"line":31,"column":4},"end":{"line":39,"column":6}}},"fnMap":{"0":{"name":"(anonymous_0)","decl":{"start":{"line":7,"column":2},"end":{"line":7,"column":3}},"loc":{"start":{"line":7,"column":16},"end":{"line":12,"column":3}},"line":7},"1":{"name":"(anonymous_1)","decl":{"start":{"line":14,"column":2},"end":{"line":14,"column":3}},"loc":{"start":{"line":14,"column":22},"end":{"line":16,"column":3}},"line":14},"2":{"name":"(anonymous_2)","decl":{"start":{"line":18,"column":2},"end":{"line":18,"column":3}},"loc":{"start":{"line":18,"column":17},"end":{"line":25,"column":3}},"line":18},"3":{"name":"(anonymous_3)","decl":{"start":{"line":20,"column":12},"end":{"line":20,"column":13}},"loc":{"start":{"line":20,"column":23},"end":{"line":20,"column":37}},"line":20},"4":{"name":"(anonymous_4)","decl":{"start":{"line":21,"column":12},"end":{"line":21,"column":13}},"loc":{"start":{"line":21,"column":24},"end":{"line":23,"column":7}},"line":21},"5":{"name":"(anonymous_5)","decl":{"start":{"line":27,"column":2},"end":{"line":27,"column":3}},"loc":{"start":{"line":27,"column":11},"end":{"line":40,"column":3}},"line":27}},"branchMap":{"0":{"loc":{"start":{"line":29,"column":4},"end":{"line":29,"column":29}},"type":"if","locations":[{"start":{"line":29,"column":4},"end":{"line":29,"column":29}},{"start":{"line":29,"column":4},"end":{"line":29,"column":29}}],"line":29}},"s":{"0":1,"1":1,"2":1,"3":1,"4":0,"5":0,"6":1,"7":1,"8":0,"9":1},"f":{"0":1,"1":1,"2":1,"3":0,"4":0,"5":1},"b":{"0":[0,1]},"_coverageSchema":"43e27e138ebf9cfc5966b082cf9a028302ed4184","hash":"70f33d563e41557d57ef0d1382f60216bf868ec8"}
,"/Users/danslaptop/ghrden01-Repos/dan-top-tracks/client/src/components/ContextMenu.jsx": {"path":"/Users/danslaptop/ghrden01-Repos/dan-top-tracks/client/src/components/ContextMenu.jsx","statementMap":{"0":{"start":{"line":6,"column":15},"end":{"line":13,"column":3}},"1":{"start":{"line":15,"column":2},"end":{"line":23,"column":4}},"2":{"start":{"line":26,"column":0},"end":{"line":31,"column":2}}},"fnMap":{"0":{"name":"ContextMenu","decl":{"start":{"line":5,"column":9},"end":{"line":5,"column":20}},"loc":{"start":{"line":5,"column":35},"end":{"line":24,"column":1}},"line":5}},"branchMap":{},"s":{"0":1,"1":1,"2":3},"f":{"0":1},"b":{},"_coverageSchema":"43e27e138ebf9cfc5966b082cf9a028302ed4184","hash":"9803992b768dcd54d2cc39d9a01441c676c7f58e"}
,"/Users/danslaptop/ghrden01-Repos/dan-top-tracks/client/src/components/Ellipsis.jsx": {"path":"/Users/danslaptop/ghrden01-Repos/dan-top-tracks/client/src/components/Ellipsis.jsx","statementMap":{"0":{"start":{"line":7,"column":4},"end":{"line":7,"column":12}},"1":{"start":{"line":8,"column":4},"end":{"line":10,"column":6}},"2":{"start":{"line":11,"column":4},"end":{"line":11,"column":51}},"3":{"start":{"line":12,"column":4},"end":{"line":12,"column":51}},"4":{"start":{"line":16,"column":4},"end":{"line":16,"column":27}},"5":{"start":{"line":18,"column":4},"end":{"line":20,"column":7}},"6":{"start":{"line":19,"column":6},"end":{"line":19,"column":59}},"7":{"start":{"line":24,"column":4},"end":{"line":26,"column":7}},"8":{"start":{"line":25,"column":6},"end":{"line":25,"column":62}},"9":{"start":{"line":30,"column":24},"end":{"line":30,"column":34}},"10":{"start":{"line":31,"column":4},"end":{"line":51,"column":5}},"11":{"start":{"line":32,"column":18},"end":{"line":36,"column":8}},"12":{"start":{"line":37,"column":17},"end":{"line":45,"column":8}},"13":{"start":{"line":46,"column":15},"end":{"line":50,"column":8}}},"fnMap":{"0":{"name":"(anonymous_0)","decl":{"start":{"line":6,"column":2},"end":{"line":6,"column":3}},"loc":{"start":{"line":6,"column":16},"end":{"line":13,"column":3}},"line":6},"1":{"name":"(anonymous_1)","decl":{"start":{"line":15,"column":2},"end":{"line":15,"column":3}},"loc":{"start":{"line":15,"column":21},"end":{"line":21,"column":3}},"line":15},"2":{"name":"(anonymous_2)","decl":{"start":{"line":18,"column":37},"end":{"line":18,"column":38}},"loc":{"start":{"line":18,"column":43},"end":{"line":20,"column":5}},"line":18},"3":{"name":"(anonymous_3)","decl":{"start":{"line":23,"column":2},"end":{"line":23,"column":3}},"loc":{"start":{"line":23,"column":16},"end":{"line":27,"column":3}},"line":23},"4":{"name":"(anonymous_4)","decl":{"start":{"line":24,"column":38},"end":{"line":24,"column":39}},"loc":{"start":{"line":24,"column":44},"end":{"line":26,"column":5}},"line":24},"5":{"name":"(anonymous_5)","decl":{"start":{"line":29,"column":2},"end":{"line":29,"column":3}},"loc":{"start":{"line":29,"column":11},"end":{"line":52,"column":3}},"line":29}},"branchMap":{"0":{"loc":{"start":{"line":31,"column":4},"end":{"line":51,"column":5}},"type":"switch","locations":[{"start":{"line":32,"column":6},"end":{"line":36,"column":8}},{"start":{"line":37,"column":6},"end":{"line":45,"column":8}},{"start":{"line":46,"column":6},"end":{"line":50,"column":8}}],"line":31}},"s":{"0":7,"1":7,"2":7,"3":7,"4":1,"5":1,"6":1,"7":2,"8":2,"9":9,"10":9,"11":8,"12":1,"13":0},"f":{"0":7,"1":1,"2":1,"3":2,"4":2,"5":9},"b":{"0":[8,1,0]},"_coverageSchema":"43e27e138ebf9cfc5966b082cf9a028302ed4184","hash":"11cabc686628418a11e4cd51ddec5d4f25008d99"}
,"/Users/danslaptop/ghrden01-Repos/dan-top-tracks/client/src/components/PopularList.jsx": {"path":"/Users/danslaptop/ghrden01-Repos/dan-top-tracks/client/src/components/PopularList.jsx","statementMap":{"0":{"start":{"line":6,"column":2},"end":{"line":6,"column":64}},"1":{"start":{"line":6,"column":15},"end":{"line":6,"column":64}},"2":{"start":{"line":8,"column":2},"end":{"line":12,"column":4}},"3":{"start":{"line":10,"column":27},"end":{"line":10,"column":73}},"4":{"start":{"line":15,"column":0},"end":{"line":23,"column":2}}},"fnMap":{"0":{"name":"PopularList","decl":{"start":{"line":5,"column":9},"end":{"line":5,"column":20}},"loc":{"start":{"line":5,"column":33},"end":{"line":13,"column":1}},"line":5},"1":{"name":"(anonymous_1)","decl":{"start":{"line":10,"column":18},"end":{"line":10,"column":19}},"loc":{"start":{"line":10,"column":27},"end":{"line":10,"column":73}},"line":10}},"branchMap":{"0":{"loc":{"start":{"line":6,"column":2},"end":{"line":6,"column":64}},"type":"if","locations":[{"start":{"line":6,"column":2},"end":{"line":6,"column":64}},{"start":{"line":6,"column":2},"end":{"line":6,"column":64}}],"line":6}},"s":{"0":4,"1":1,"2":3,"3":3,"4":2},"f":{"0":4,"1":3},"b":{"0":[1,3]},"_coverageSchema":"43e27e138ebf9cfc5966b082cf9a028302ed4184","hash":"467e0744a715964066d0c19908a0a3b531112944"}
,"/Users/danslaptop/ghrden01-Repos/dan-top-tracks/client/src/components/PopularTrack.jsx": {"path":"/Users/danslaptop/ghrden01-Repos/dan-top-tracks/client/src/components/PopularTrack.jsx","statementMap":{"0":{"start":{"line":8,"column":4},"end":{"line":8,"column":17}},"1":{"start":{"line":9,"column":4},"end":{"line":12,"column":6}},"2":{"start":{"line":13,"column":4},"end":{"line":13,"column":51}},"3":{"start":{"line":14,"column":4},"end":{"line":14,"column":51}},"4":{"start":{"line":18,"column":4},"end":{"line":18,"column":27}},"5":{"start":{"line":19,"column":24},"end":{"line":19,"column":67}},"6":{"start":{"line":20,"column":4},"end":{"line":22,"column":7}},"7":{"start":{"line":21,"column":6},"end":{"line":21,"column":59}},"8":{"start":{"line":26,"column":4},"end":{"line":28,"column":7}},"9":{"start":{"line":27,"column":6},"end":{"line":27,"column":62}},"10":{"start":{"line":32,"column":22},"end":{"line":32,"column":32}},"11":{"start":{"line":33,"column":41},"end":{"line":33,"column":51}},"12":{"start":{"line":34,"column":4},"end":{"line":34,"column":28}},"13":{"start":{"line":34,"column":16},"end":{"line":34,"column":28}},"14":{"start":{"line":36,"column":4},"end":{"line":62,"column":6}},"15":{"start":{"line":66,"column":0},"end":{"line":74,"column":2}}},"fnMap":{"0":{"name":"(anonymous_0)","decl":{"start":{"line":7,"column":2},"end":{"line":7,"column":3}},"loc":{"start":{"line":7,"column":21},"end":{"line":15,"column":3}},"line":7},"1":{"name":"(anonymous_1)","decl":{"start":{"line":17,"column":2},"end":{"line":17,"column":3}},"loc":{"start":{"line":17,"column":21},"end":{"line":23,"column":3}},"line":17},"2":{"name":"(anonymous_2)","decl":{"start":{"line":20,"column":67},"end":{"line":20,"column":68}},"loc":{"start":{"line":20,"column":73},"end":{"line":22,"column":5}},"line":20},"3":{"name":"(anonymous_3)","decl":{"start":{"line":25,"column":2},"end":{"line":25,"column":3}},"loc":{"start":{"line":25,"column":16},"end":{"line":29,"column":3}},"line":25},"4":{"name":"(anonymous_4)","decl":{"start":{"line":26,"column":38},"end":{"line":26,"column":39}},"loc":{"start":{"line":26,"column":44},"end":{"line":28,"column":5}},"line":26},"5":{"name":"(anonymous_5)","decl":{"start":{"line":31,"column":2},"end":{"line":31,"column":3}},"loc":{"start":{"line":31,"column":11},"end":{"line":63,"column":3}},"line":31}},"branchMap":{"0":{"loc":{"start":{"line":34,"column":4},"end":{"line":34,"column":28}},"type":"if","locations":[{"start":{"line":34,"column":4},"end":{"line":34,"column":28}},{"start":{"line":34,"column":4},"end":{"line":34,"column":28}}],"line":34},"1":{"loc":{"start":{"line":38,"column":9},"end":{"line":38,"column":89}},"type":"binary-expr","locations":[{"start":{"line":38,"column":9},"end":{"line":38,"column":16}},{"start":{"line":38,"column":20},"end":{"line":38,"column":89}}],"line":38}},"s":{"0":6,"1":6,"2":6,"3":6,"4":1,"5":1,"6":1,"7":1,"8":1,"9":1,"10":8,"11":8,"12":8,"13":1,"14":7,"15":3},"f":{"0":6,"1":1,"2":1,"3":1,"4":1,"5":8},"b":{"0":[1,7],"1":[7,1]},"_coverageSchema":"43e27e138ebf9cfc5966b082cf9a028302ed4184","hash":"14bf4105d5b9fcbcab41867e356d2e0279db1d4b"}
,"/Users/danslaptop/ghrden01-Repos/dan-top-tracks/server/db.js": {"path":"/Users/danslaptop/ghrden01-Repos/dan-top-tracks/server/db.js","statementMap":{"0":{"start":{"line":3,"column":17},"end":{"line":3,"column":36}},"1":{"start":{"line":4,"column":13},"end":{"line":4,"column":39}},"2":{"start":{"line":6,"column":0},"end":{"line":6,"column":56}},"3":{"start":{"line":8,"column":11},"end":{"line":8,"column":30}},"4":{"start":{"line":10,"column":0},"end":{"line":10,"column":79}},"5":{"start":{"line":10,"column":21},"end":{"line":10,"column":77}},"6":{"start":{"line":11,"column":0},"end":{"line":11,"column":73}},"7":{"start":{"line":11,"column":22},"end":{"line":11,"column":71}},"8":{"start":{"line":13,"column":19},"end":{"line":19,"column":2}},"9":{"start":{"line":21,"column":13},"end":{"line":21,"column":47}},"10":{"start":{"line":23,"column":21},"end":{"line":26,"column":9}},"11":{"start":{"line":23,"column":27},"end":{"line":26,"column":9}},"12":{"start":{"line":30,"column":0},"end":{"line":30,"column":18}},"13":{"start":{"line":32,"column":18},"end":{"line":43,"column":1}},"14":{"start":{"line":33,"column":2},"end":{"line":42,"column":3}},"15":{"start":{"line":33,"column":15},"end":{"line":33,"column":16}},"16":{"start":{"line":34,"column":17},"end":{"line":40,"column":6}},"17":{"start":{"line":41,"column":4},"end":{"line":41,"column":16}},"18":{"start":{"line":45,"column":0},"end":{"line":45,"column":47}},"19":{"start":{"line":47,"column":0},"end":{"line":47,"column":43}},"20":{"start":{"line":48,"column":0},"end":{"line":48,"column":34}},"21":{"start":{"line":49,"column":0},"end":{"line":49,"column":34}},"22":{"start":{"line":50,"column":0},"end":{"line":50,"column":36}},"23":{"start":{"line":51,"column":0},"end":{"line":51,"column":37}}},"fnMap":{"0":{"name":"(anonymous_0)","decl":{"start":{"line":10,"column":15},"end":{"line":10,"column":16}},"loc":{"start":{"line":10,"column":21},"end":{"line":10,"column":77}},"line":10},"1":{"name":"(anonymous_1)","decl":{"start":{"line":11,"column":16},"end":{"line":11,"column":17}},"loc":{"start":{"line":11,"column":22},"end":{"line":11,"column":71}},"line":11},"2":{"name":"(anonymous_2)","decl":{"start":{"line":23,"column":21},"end":{"line":23,"column":22}},"loc":{"start":{"line":23,"column":27},"end":{"line":26,"column":9}},"line":23},"3":{"name":"(anonymous_3)","decl":{"start":{"line":32,"column":18},"end":{"line":32,"column":19}},"loc":{"start":{"line":32,"column":44},"end":{"line":43,"column":1}},"line":32}},"branchMap":{},"s":{"0":1,"1":1,"2":1,"3":1,"4":1,"5":0,"6":1,"7":1,"8":1,"9":1,"10":1,"11":5,"12":1,"13":1,"14":1,"15":1,"16":100,"17":100,"18":1,"19":1,"20":1,"21":1,"22":1,"23":1},"f":{"0":0,"1":1,"2":5,"3":1},"b":{},"_coverageSchema":"43e27e138ebf9cfc5966b082cf9a028302ed4184","hash":"c807fddbf5e5736cf8a164ca2399828fa7d78589"}
,"/Users/danslaptop/ghrden01-Repos/dan-top-tracks/server/z_seedData.js": {"path":"/Users/danslaptop/ghrden01-Repos/dan-top-tracks/server/z_seedData.js","statementMap":{"0":{"start":{"line":80,"column":15},"end":{"line":155,"column":1}},"1":{"start":{"line":157,"column":15},"end":{"line":244,"column":1}},"2":{"start":{"line":246,"column":12},"end":{"line":246,"column":2258}},"3":{"start":{"line":248,"column":12},"end":{"line":248,"column":2653}},"4":{"start":{"line":250,"column":13},"end":{"line":351,"column":1}},"5":{"start":{"line":353,"column":0},"end":{"line":357,"column":2}}},"fnMap":{},"branchMap":{},"s":{"0":1,"1":1,"2":1,"3":1,"4":1,"5":1},"f":{},"b":{},"_coverageSchema":"43e27e138ebf9cfc5966b082cf9a028302ed4184","hash":"4ead09f16e2d11457b3d665d4e80676e244672c4"}
}
