TN:
SF:/Users/danslaptop/ghrden01-Repos/dan-top-tracks/client/src/index.jsx
FNF:0
FNH:0
DA:5,0
LF:1
LH:0
BRF:0
BRH:0
end_of_record
TN:
SF:/Users/danslaptop/ghrden01-Repos/dan-top-tracks/client/src/components/App.jsx
FN:6,(anonymous_0)
FN:13,(anonymous_1)
FN:17,(anonymous_2)
FN:19,(anonymous_3)
FN:20,(anonymous_4)
FN:26,(anonymous_5)
FNF:6
FNH:4
FNDA:1,(anonymous_0)
FNDA:1,(anonymous_1)
FNDA:1,(anonymous_2)
FNDA:0,(anonymous_3)
FNDA:0,(anonymous_4)
FNDA:1,(anonymous_5)
DA:7,1
DA:8,1
DA:14,1
DA:18,1
DA:19,0
DA:21,0
DA:27,1
DA:28,1
DA:30,1
LF:9
LH:7
BRDA:28,0,0,0
BRDA:28,0,1,1
BRF:2
BRH:1
end_of_record
TN:
SF:/Users/danslaptop/ghrden01-Repos/dan-top-tracks/client/src/components/Ellipsis.jsx
FN:4,(anonymous_0)
FN:12,(anonymous_1)
FN:19,(anonymous_2)
FNF:3
FNH:3
FNDA:6,(anonymous_0)
FNDA:1,(anonymous_1)
FNDA:7,(anonymous_2)
DA:5,6
DA:6,6
DA:9,6
DA:13,1
DA:14,1
DA:20,7
DA:21,7
DA:22,6
DA:27,1
DA:36,0
LF:10
LH:9
BRDA:21,0,0,6
BRDA:21,0,1,1
BRDA:21,0,2,0
BRF:3
BRH:2
end_of_record
TN:
SF:/Users/danslaptop/ghrden01-Repos/dan-top-tracks/client/src/components/PopularList.jsx
FN:5,PopularList
FN:9,(anonymous_1)
FNF:2
FNH:2
FNDA:4,PopularList
FNDA:3,(anonymous_1)
DA:6,4
DA:7,3
DA:9,3
DA:14,2
LF:4
LH:4
BRDA:6,0,0,1
BRDA:6,0,1,3
BRF:2
BRH:2
end_of_record
TN:
SF:/Users/danslaptop/ghrden01-Repos/dan-top-tracks/client/src/components/PopularTrack.jsx
FN:5,PopularTrack
FNF:1
FNH:1
FNDA:5,PopularTrack
DA:6,5
DA:7,4
DA:35,3
LF:3
LH:3
BRDA:6,0,0,1
BRDA:6,0,1,4
BRF:2
BRH:2
end_of_record
TN:
SF:/Users/danslaptop/ghrden01-Repos/dan-top-tracks/server/db.js
FN:10,(anonymous_0)
FN:11,(anonymous_1)
FN:31,(anonymous_2)
FN:40,(anonymous_3)
FNF:4
FNH:3
FNDA:0,(anonymous_0)
FNDA:1,(anonymous_1)
FNDA:5,(anonymous_2)
FNDA:1,(anonymous_3)
DA:3,1
DA:4,1
DA:6,1
DA:8,1
DA:10,1
DA:11,1
DA:13,1
DA:21,1
DA:31,5
DA:38,1
DA:40,1
DA:41,1
DA:42,100
DA:49,100
DA:53,1
DA:55,1
DA:56,1
DA:57,1
DA:58,1
DA:59,1
LF:20
LH:20
BRF:0
BRH:0
end_of_record
TN:
SF:/Users/danslaptop/ghrden01-Repos/dan-top-tracks/server/z_seedData.js
FNF:0
FNH:0
DA:80,1
DA:157,1
DA:246,1
DA:248,1
DA:250,1
DA:353,1
LF:6
LH:6
BRF:0
BRH:0
end_of_record
