TN:
SF:/Users/danslaptop/ghrden01-Repos/dan-top-tracks/client/src/components/App.jsx
FN:8,(anonymous_0)
FN:17,(anonymous_1)
FN:21,(anonymous_2)
FN:23,(anonymous_3)
FN:24,(anonymous_4)
FN:30,(anonymous_5)
FN:41,(anonymous_6)
FNF:7
FNH:4
FNDA:1,(anonymous_0)
FNDA:1,(anonymous_1)
FNDA:1,(anonymous_2)
FNDA:0,(anonymous_3)
FNDA:0,(anonymous_4)
FNDA:0,(anonymous_5)
FNDA:1,(anonymous_6)
DA:9,1
DA:10,1
DA:14,1
DA:18,1
DA:22,1
DA:23,0
DA:25,0
DA:31,0
DA:42,1
DA:43,1
DA:44,1
DA:46,1
LF:12
LH:9
BRDA:44,0,0,0
BRDA:44,0,1,1
BRF:2
BRH:1
end_of_record
TN:
SF:/Users/danslaptop/ghrden01-Repos/dan-top-tracks/client/src/components/AudioPlayer.jsx
FN:5,AudioPlayer
FNF:1
FNH:1
FNDA:3,AudioPlayer
DA:8,3
DA:10,3
DA:69,2
DA:80,2
DA:96,2
DA:109,2
DA:119,2
DA:126,2
DA:133,2
DA:143,2
DA:150,2
LF:11
LH:11
BRDA:14,0,0,1
BRDA:14,0,1,2
BRDA:21,1,0,1
BRDA:21,1,1,2
BRDA:48,2,0,3
BRDA:48,2,1,2
BRF:6
BRH:6
end_of_record
TN:
SF:/Users/danslaptop/ghrden01-Repos/dan-top-tracks/client/src/components/ContextMenu.jsx
FN:5,ContextMenu
FNF:1
FNH:1
FNDA:1,ContextMenu
DA:6,1
DA:15,1
DA:26,3
LF:3
LH:3
BRF:0
BRH:0
end_of_record
TN:
SF:/Users/danslaptop/ghrden01-Repos/dan-top-tracks/client/src/components/Ellipsis.jsx
FN:6,(anonymous_0)
FN:15,(anonymous_1)
FN:18,(anonymous_2)
FN:23,(anonymous_3)
FN:24,(anonymous_4)
FN:29,(anonymous_5)
FNF:6
FNH:6
FNDA:7,(anonymous_0)
FNDA:1,(anonymous_1)
FNDA:1,(anonymous_2)
FNDA:2,(anonymous_3)
FNDA:2,(anonymous_4)
FNDA:9,(anonymous_5)
DA:7,7
DA:8,7
DA:11,7
DA:12,7
DA:16,1
DA:18,1
DA:19,1
DA:24,2
DA:25,2
DA:30,9
DA:31,9
DA:32,8
DA:37,1
DA:46,0
LF:14
LH:13
BRDA:31,0,0,8
BRDA:31,0,1,1
BRDA:31,0,2,0
BRF:3
BRH:2
end_of_record
TN:
SF:/Users/danslaptop/ghrden01-Repos/dan-top-tracks/client/src/components/PopularList.jsx
FN:5,PopularList
FN:10,(anonymous_1)
FNF:2
FNH:2
FNDA:4,PopularList
FNDA:3,(anonymous_1)
DA:6,4
DA:8,3
DA:11,3
DA:21,2
LF:4
LH:4
BRDA:6,0,0,1
BRDA:6,0,1,3
BRF:2
BRH:2
end_of_record
TN:
SF:/Users/danslaptop/ghrden01-Repos/dan-top-tracks/client/src/components/PopularTrack.jsx
FN:7,(anonymous_0)
FN:17,(anonymous_1)
FN:20,(anonymous_2)
FN:25,(anonymous_3)
FN:26,(anonymous_4)
FN:31,(anonymous_5)
FN:37,(anonymous_6)
FNF:7
FNH:6
FNDA:6,(anonymous_0)
FNDA:1,(anonymous_1)
FNDA:1,(anonymous_2)
FNDA:1,(anonymous_3)
FNDA:1,(anonymous_4)
FNDA:8,(anonymous_5)
FNDA:0,(anonymous_6)
DA:8,6
DA:9,6
DA:13,6
DA:14,6
DA:18,1
DA:19,1
DA:20,1
DA:21,1
DA:26,1
DA:27,1
DA:32,8
DA:33,8
DA:34,8
DA:36,7
DA:37,0
DA:66,3
LF:16
LH:15
BRDA:34,0,0,1
BRDA:34,0,1,7
BRDA:38,1,0,7
BRDA:38,1,1,1
BRF:4
BRH:4
end_of_record
TN:
SF:/Users/danslaptop/ghrden01-Repos/dan-top-tracks/server/db.js
FN:10,(anonymous_0)
FN:11,(anonymous_1)
FN:23,(anonymous_2)
FN:32,(anonymous_3)
FNF:4
FNH:3
FNDA:0,(anonymous_0)
FNDA:1,(anonymous_1)
FNDA:5,(anonymous_2)
FNDA:1,(anonymous_3)
DA:3,1
DA:4,1
DA:6,1
DA:8,1
DA:10,1
DA:11,1
DA:13,1
DA:21,1
DA:23,5
DA:30,1
DA:32,1
DA:33,1
DA:34,100
DA:41,100
DA:45,1
DA:47,1
DA:48,1
DA:49,1
DA:50,1
DA:51,1
LF:20
LH:20
BRF:0
BRH:0
end_of_record
TN:
SF:/Users/danslaptop/ghrden01-Repos/dan-top-tracks/server/z_seedData.js
FNF:0
FNH:0
DA:80,1
DA:157,1
DA:246,1
DA:248,1
DA:250,1
DA:353,1
LF:6
LH:6
BRF:0
BRH:0
end_of_record
